<?xml version="1.0" encoding="UTF-8"?>
<!-- Generated by org.testng.reporters.JUnitReportReporter -->
<testsuite hostname="MFAHIZ01" failures="0" tests="1" name="com.automation.SwagLab.AppTest" time="0.001" errors="0" timestamp="2023-11-30T18:28:49 IST" skipped="0">
  <testcase classname="com.automation.SwagLab.AppTest" name="testApp" time="0.001"/>
</testsuite> <!-- com.automation.SwagLab.AppTest -->
