<?xml version="1.0" encoding="UTF-8"?>
<!-- Generated by org.testng.reporters.JUnitReportReporter -->
<testsuite hostname="MFAHIZ01" failures="0" tests="2" name="com.automation.businesscomponents.Login" time="3.827" errors="0" timestamp="2023-12-01T13:49:37 IST" skipped="0">
  <testcase classname="com.automation.businesscomponents.Login" name="swagLabNavigation" time="2.474"/>
  <testcase classname="com.automation.businesscomponents.Login" name="login" time="1.353"/>
</testsuite> <!-- com.automation.businesscomponents.Login -->
