<?xml version="1.0" encoding="UTF-8"?>
<!-- Generated by org.testng.reporters.JUnitReportReporter -->
<testsuite hostname="MFAHIZ01" failures="0" tests="7" name="com.automation.base.LoginBase" time="7.866" errors="0" timestamp="2023-11-16T13:59:59 IST" skipped="0">
  <testcase classname="com.automation.base.LoginBase" name="swagLabNavigation" time="2.095"/>
  <testcase classname="com.automation.base.LoginBase" name="login" time="1.532"/>
  <testcase classname="com.automation.base.LoginBase" name="sortItemsByName" time="0.574"/>
  <testcase classname="com.automation.base.LoginBase" name="sortItemsByPrice" time="0.915"/>
  <testcase classname="com.automation.base.LoginBase" name="addItemToCart" time="0.561"/>
  <testcase classname="com.automation.base.LoginBase" name="checkOut" time="1.778"/>
  <testcase classname="com.automation.base.LoginBase" name="quite" time="0.411"/>
</testsuite> <!-- com.automation.base.LoginBase -->
