<?xml version="1.0" encoding="UTF-8"?>
<!-- Generated by org.testng.reporters.JUnitReportReporter -->
<testsuite hostname="MFAHIZ01" failures="0" tests="1" name="com.automation.businesscomponents.TestMe3" time="4.210" errors="0" timestamp="2023-11-17T14:29:14 IST" skipped="0">
  <testcase classname="com.automation.businesscomponents.TestMe3" name="sample2" time="4.210"/>
</testsuite> <!-- com.automation.businesscomponents.TestMe3 -->
