<?xml version="1.0" encoding="UTF-8"?>
<!-- Generated by org.testng.reporters.JUnitReportReporter -->
<testsuite hostname="MFAHIZ01" failures="0" tests="3" name="com.automation.businesscomponents.Home" time="2.485" errors="0" timestamp="2023-11-30T18:25:39 IST" skipped="0">
  <testcase classname="com.automation.businesscomponents.Home" name="sortItemsByName" time="0.761"/>
  <testcase classname="com.automation.businesscomponents.Home" name="sortItemsByPrice" time="1.121"/>
  <testcase classname="com.automation.businesscomponents.Home" name="addItemToCart" time="0.603"/>
</testsuite> <!-- com.automation.businesscomponents.Home -->
