<?xml version="1.0" encoding="UTF-8"?>
<!-- Generated by org.testng.reporters.JUnitReportReporter -->
<testsuite hostname="MFAHIZ01" failures="0" tests="7" name="com.automation.common.Common" time="7.049" errors="0" timestamp="2023-11-15T19:57:37 IST" skipped="0">
  <testcase classname="com.automation.common.Common" name="swagLabNavigation" time="1.889"/>
  <testcase classname="com.automation.common.Common" name="login" time="1.470"/>
  <testcase classname="com.automation.common.Common" name="sortItemsByName" time="0.624"/>
  <testcase classname="com.automation.common.Common" name="sortItemsByPrice" time="0.854"/>
  <testcase classname="com.automation.common.Common" name="addItemToCart" time="0.507"/>
  <testcase classname="com.automation.common.Common" name="checkOut" time="1.420"/>
  <testcase classname="com.automation.common.Common" name="quite" time="0.285"/>
</testsuite> <!-- com.automation.common.Common -->
