<?xml version="1.0" encoding="UTF-8"?>
<!-- Generated by org.testng.reporters.JUnitReportReporter -->
<testsuite hostname="MFAHIZ01" failures="0" tests="1" name="com.automation.businesscomponents.Cart" time="1.987" errors="0" timestamp="2023-11-30T18:25:39 IST" skipped="0">
  <testcase classname="com.automation.businesscomponents.Cart" name="checkOut" time="1.987"/>
</testsuite> <!-- com.automation.businesscomponents.Cart -->
