<?xml version="1.0" encoding="UTF-8"?>
<!-- Generated by org.testng.reporters.JUnitReportReporter -->
<testsuite hostname="MFAHIZ01" failures="0" tests="2" name="com.automation.businesscomponents.Login" time="3.584" errors="0" timestamp="2023-12-02T15:56:55 IST" skipped="0">
  <testcase classname="com.automation.businesscomponents.Login" name="swagLabNavigation" time="1.832"/>
  <system-out/>
  <testcase classname="com.automation.businesscomponents.Login" name="login" time="1.752"/>
  <system-out/>
</testsuite> <!-- com.automation.businesscomponents.Login -->
