<?xml version="1.0" encoding="UTF-8"?>
<!-- Generated by org.testng.reporters.JUnitReportReporter -->
<testsuite hostname="MFAHIZ01" failures="0" tests="2" name="com.automation.businesscomponents.Login" time="8.570" errors="0" timestamp="2023-12-02T15:44:24 IST" skipped="0">
  <testcase classname="com.automation.businesscomponents.Login" name="swagLabNavigation" time="5.672"/>
  <system-out/>
  <testcase classname="com.automation.businesscomponents.Login" name="login" time="2.898"/>
  <system-out/>
</testsuite> <!-- com.automation.businesscomponents.Login -->
