<?xml version="1.0" encoding="UTF-8"?>
<!-- Generated by org.testng.reporters.JUnitReportReporter -->
<testsuite hostname="MFAHIZ01" failures="0" tests="2" name="com.automation.businesscomponents.Login" time="3.814" errors="0" timestamp="2023-12-02T15:23:16 IST" skipped="0">
  <testcase classname="com.automation.businesscomponents.Login" name="swagLabNavigation" time="2.094"/>
  <system-out/>
  <testcase classname="com.automation.businesscomponents.Login" name="login" time="1.720"/>
  <system-out/>
</testsuite> <!-- com.automation.businesscomponents.Login -->
