<?xml version="1.0" encoding="UTF-8"?>
<!-- Generated by org.testng.reporters.JUnitReportReporter -->
<testsuite hostname="MFAHIZ01" failures="0" tests="3" name="com.automation.businesscomponents.Home" time="2.920" errors="0" timestamp="2023-11-30T20:15:59 IST" skipped="0">
  <testcase classname="com.automation.businesscomponents.Home" name="sortItemsByName" time="0.933"/>
  <testcase classname="com.automation.businesscomponents.Home" name="sortItemsByPrice" time="1.233"/>
  <testcase classname="com.automation.businesscomponents.Home" name="addItemToCart" time="0.754"/>
</testsuite> <!-- com.automation.businesscomponents.Home -->
