<?xml version="1.0" encoding="UTF-8"?>
<!-- Generated by org.testng.reporters.JUnitReportReporter -->
<testsuite hostname="MFAHIZ01" failures="0" tests="2" name="com.automation.businesscomponents.Login" time="3.989" errors="0" timestamp="2023-12-01T10:20:04 IST" skipped="0">
  <testcase classname="com.automation.businesscomponents.Login" name="swagLabNavigation" time="2.150"/>
  <testcase classname="com.automation.businesscomponents.Login" name="login" time="1.839"/>
</testsuite> <!-- com.automation.businesscomponents.Login -->
