<?xml version="1.0" encoding="UTF-8"?>
<!-- Generated by org.testng.reporters.JUnitReportReporter -->
<testsuite hostname="MFAHIZ01" failures="0" tests="2" name="com.automation.businesscomponents.Login" time="4.497" errors="0" timestamp="2023-12-01T20:17:18 IST" skipped="0">
  <testcase classname="com.automation.businesscomponents.Login" name="swagLabNavigation" time="3.119"/>
  <system-out/>
  <testcase classname="com.automation.businesscomponents.Login" name="login" time="1.378"/>
  <system-out/>
</testsuite> <!-- com.automation.businesscomponents.Login -->
